10:31:10.877 [main] INFO  testCases.TC002_VerifyLogin.Verify_Login(TC002_VerifyLogin.java:16)oggger - ******Starting TC002_VerifyLogin*******
10:31:11.744 [main] INFO  testCases.TC002_VerifyLogin.Verify_Login(TC002_VerifyLogin.java:21)oggger - User is on Login Page
10:37:25.453 [main] DEBUG org.testng.log4testng.Logger.debug(Logger.java:82)oggger - suiteXmlPath: "C:\Users\LENOVO\eclipse-workspace\HybridTestingFramework\testng.xml"
10:37:25.856 [main] INFO  org.testng.log4testng.Logger.info(Logger.java:112)oggger - [TestNG] Running:
  C:\Users\LENOVO\eclipse-workspace\HybridTestingFramework\testng.xml

10:37:34.347 [main] INFO  testCases.TC001_AccountRegistrationTest.verify_Account_Registration(TC001_AccountRegistrationTest.java:18)oggger - *****Starting TC001_AccountRegistrationTest***********
10:37:34.506 [main] INFO  testCases.TC001_AccountRegistrationTest.verify_Account_Registration(TC001_AccountRegistrationTest.java:23)oggger - Clicked on MyAccount link
10:37:35.485 [main] INFO  testCases.TC001_AccountRegistrationTest.verify_Account_Registration(TC001_AccountRegistrationTest.java:25)oggger - Clicked on Register link
10:37:35.505 [main] INFO  testCases.TC001_AccountRegistrationTest.verify_Account_Registration(TC001_AccountRegistrationTest.java:29)oggger - Providing User details..............
10:37:37.281 [main] INFO  testCases.TC001_AccountRegistrationTest.verify_Account_Registration(TC001_AccountRegistrationTest.java:43)oggger - Validating expected message
10:37:37.365 [main] INFO  testCases.TC001_AccountRegistrationTest.verify_Account_Registration(TC001_AccountRegistrationTest.java:65)oggger - *****Finished TC001_AccountRegistrationTest ***********
10:37:48.048 [main] INFO  testCases.TC002_VerifyLogin.Verify_Login(TC002_VerifyLogin.java:16)oggger - ******Starting TC002_VerifyLogin*******
10:37:48.727 [main] INFO  testCases.TC002_VerifyLogin.Verify_Login(TC002_VerifyLogin.java:21)oggger - User is on Login Page
10:22:39.141 [main] DEBUG org.testng.log4testng.Logger.debug(Logger.java:82)oggger - suiteXmlPath: "C:\Users\LENOVO\eclipse-workspace\HybridTestingFramework\testng.xml"
10:23:47.250 [main] DEBUG org.testng.log4testng.Logger.debug(Logger.java:82)oggger - suiteXmlPath: "C:\Users\LENOVO\eclipse-workspace\HybridTestingFramework\testng.xml"
10:24:15.913 [main] DEBUG org.testng.log4testng.Logger.debug(Logger.java:82)oggger - suiteXmlPath: "C:\Users\LENOVO\eclipse-workspace\HybridTestingFramework\testng.xml"
10:25:11.040 [main] DEBUG org.testng.log4testng.Logger.debug(Logger.java:82)oggger - suiteXmlPath: "C:\Users\LENOVO\eclipse-workspace\HybridTestingFramework\testng.xml"
10:25:56.576 [main] DEBUG org.testng.log4testng.Logger.debug(Logger.java:82)oggger - suiteXmlPath: "C:\Users\LENOVO\eclipse-workspace\HybridTestingFramework\testng.xml"
10:26:21.305 [main] DEBUG org.testng.log4testng.Logger.debug(Logger.java:82)oggger - suiteXmlPath: "C:\Users\LENOVO\eclipse-workspace\HybridTestingFramework\grouping.xml"
10:28:12.610 [main] DEBUG org.testng.log4testng.Logger.debug(Logger.java:82)oggger - suiteXmlPath: "C:\Users\LENOVO\eclipse-workspace\HybridTestingFramework\grouping.xml"
10:28:13.194 [main] INFO  org.testng.log4testng.Logger.info(Logger.java:112)oggger - [TestNG] Running:
  C:\Users\LENOVO\eclipse-workspace\HybridTestingFramework\grouping.xml

10:28:21.959 [main] INFO  testCases.TC001_AccountRegistrationTest.verify_Account_Registration(TC001_AccountRegistrationTest.java:18)oggger - *****Starting TC001_AccountRegistrationTest***********
10:28:22.127 [main] INFO  testCases.TC001_AccountRegistrationTest.verify_Account_Registration(TC001_AccountRegistrationTest.java:23)oggger - Clicked on MyAccount link
10:28:23.052 [main] INFO  testCases.TC001_AccountRegistrationTest.verify_Account_Registration(TC001_AccountRegistrationTest.java:25)oggger - Clicked on Register link
10:28:23.065 [main] INFO  testCases.TC001_AccountRegistrationTest.verify_Account_Registration(TC001_AccountRegistrationTest.java:29)oggger - Providing User details..............
10:28:24.961 [main] INFO  testCases.TC001_AccountRegistrationTest.verify_Account_Registration(TC001_AccountRegistrationTest.java:43)oggger - Validating expected message
10:28:25.066 [main] INFO  testCases.TC001_AccountRegistrationTest.verify_Account_Registration(TC001_AccountRegistrationTest.java:65)oggger - *****Finished TC001_AccountRegistrationTest ***********
10:28:33.700 [main] INFO  testCases.TC002_VerifyLogin.Verify_Login(TC002_VerifyLogin.java:16)oggger - ******Starting TC002_VerifyLogin*******
10:28:34.363 [main] INFO  testCases.TC002_VerifyLogin.Verify_Login(TC002_VerifyLogin.java:21)oggger - User is on Login Page
10:34:46.096 [main] DEBUG org.testng.log4testng.Logger.debug(Logger.java:82)oggger - suiteXmlPath: "C:\Users\LENOVO\eclipse-workspace\HybridTestingFramework\testng.xml"
10:34:46.394 [main] INFO  org.testng.log4testng.Logger.info(Logger.java:112)oggger - [TestNG] Running:
  C:\Users\LENOVO\eclipse-workspace\HybridTestingFramework\testng.xml

