17:07:01.461 [main] INFO  testCases.TC002_VerifyLogin.Verify_Login(TC002_VerifyLogin.java:21)oggger - User is on Login Page
17:07:02.402 [main] INFO  testCases.TC002_VerifyLogin.Verify_Login(TC002_VerifyLogin.java:42)oggger - ******Finished TC002_VerifyLogin*******
17:16:49.592 [main] DEBUG org.testng.log4testng.Logger.debug(Logger.java:82)oggger - suiteXmlPath: "C:\Users\LENOVO\eclipse-workspace\HybridTestingFramework\testng.xml"
17:16:50.018 [main] INFO  org.testng.log4testng.Logger.info(Logger.java:112)oggger - [TestNG] Running:
  C:\Users\LENOVO\eclipse-workspace\HybridTestingFramework\testng.xml

17:16:56.666 [main] INFO  testCases.TC001_AccountRegistrationTest.verify_Account_Registration(TC001_AccountRegistrationTest.java:18)oggger - *****Starting TC001_AccountRegistrationTest***********
17:16:56.802 [main] INFO  testCases.TC001_AccountRegistrationTest.verify_Account_Registration(TC001_AccountRegistrationTest.java:23)oggger - Clicked on MyAccount link
17:16:57.334 [main] INFO  testCases.TC001_AccountRegistrationTest.verify_Account_Registration(TC001_AccountRegistrationTest.java:25)oggger - Clicked on Register link
17:16:57.336 [main] INFO  testCases.TC001_AccountRegistrationTest.verify_Account_Registration(TC001_AccountRegistrationTest.java:29)oggger - Providing User details..............
17:16:59.027 [main] INFO  testCases.TC001_AccountRegistrationTest.verify_Account_Registration(TC001_AccountRegistrationTest.java:43)oggger - Validating expected message
17:16:59.045 [main] INFO  testCases.TC001_AccountRegistrationTest.verify_Account_Registration(TC001_AccountRegistrationTest.java:65)oggger - *****Finished TC001_AccountRegistrationTest ***********
17:17:08.886 [main] INFO  testCases.TC002_VerifyLogin.Verify_Login(TC002_VerifyLogin.java:16)oggger - ******Starting TC002_VerifyLogin*******
17:17:09.756 [main] INFO  testCases.TC002_VerifyLogin.Verify_Login(TC002_VerifyLogin.java:21)oggger - User is on Login Page
17:18:34.977 [main] DEBUG org.testng.log4testng.Logger.debug(Logger.java:82)oggger - suiteXmlPath: "C:\Users\LENOVO\eclipse-workspace\HybridTestingFramework\testng.xml"
17:18:35.260 [main] INFO  org.testng.log4testng.Logger.info(Logger.java:112)oggger - [TestNG] Running:
  C:\Users\LENOVO\eclipse-workspace\HybridTestingFramework\testng.xml

17:18:42.128 [main] INFO  testCases.TC001_AccountRegistrationTest.verify_Account_Registration(TC001_AccountRegistrationTest.java:18)oggger - *****Starting TC001_AccountRegistrationTest***********
17:18:42.259 [main] INFO  testCases.TC001_AccountRegistrationTest.verify_Account_Registration(TC001_AccountRegistrationTest.java:23)oggger - Clicked on MyAccount link
17:18:42.766 [main] INFO  testCases.TC001_AccountRegistrationTest.verify_Account_Registration(TC001_AccountRegistrationTest.java:25)oggger - Clicked on Register link
17:18:42.768 [main] INFO  testCases.TC001_AccountRegistrationTest.verify_Account_Registration(TC001_AccountRegistrationTest.java:29)oggger - Providing User details..............
17:18:44.129 [main] INFO  testCases.TC001_AccountRegistrationTest.verify_Account_Registration(TC001_AccountRegistrationTest.java:43)oggger - Validating expected message
17:18:44.150 [main] INFO  testCases.TC001_AccountRegistrationTest.verify_Account_Registration(TC001_AccountRegistrationTest.java:65)oggger - *****Finished TC001_AccountRegistrationTest ***********
17:18:51.257 [main] INFO  testCases.TC002_VerifyLogin.Verify_Login(TC002_VerifyLogin.java:16)oggger - ******Starting TC002_VerifyLogin*******
17:18:51.648 [main] INFO  testCases.TC002_VerifyLogin.Verify_Login(TC002_VerifyLogin.java:21)oggger - User is on Login Page
10:30:47.443 [main] DEBUG org.testng.log4testng.Logger.debug(Logger.java:82)oggger - suiteXmlPath: "C:\Users\LENOVO\eclipse-workspace\HybridTestingFramework\testng.xml"
10:30:47.926 [main] INFO  org.testng.log4testng.Logger.info(Logger.java:112)oggger - [TestNG] Running:
  C:\Users\LENOVO\eclipse-workspace\HybridTestingFramework\testng.xml

10:30:57.797 [main] INFO  testCases.TC001_AccountRegistrationTest.verify_Account_Registration(TC001_AccountRegistrationTest.java:18)oggger - *****Starting TC001_AccountRegistrationTest***********
10:30:58.188 [main] INFO  testCases.TC001_AccountRegistrationTest.verify_Account_Registration(TC001_AccountRegistrationTest.java:23)oggger - Clicked on MyAccount link
10:30:59.290 [main] INFO  testCases.TC001_AccountRegistrationTest.verify_Account_Registration(TC001_AccountRegistrationTest.java:25)oggger - Clicked on Register link
10:30:59.343 [main] INFO  testCases.TC001_AccountRegistrationTest.verify_Account_Registration(TC001_AccountRegistrationTest.java:29)oggger - Providing User details..............
10:31:01.236 [main] INFO  testCases.TC001_AccountRegistrationTest.verify_Account_Registration(TC001_AccountRegistrationTest.java:43)oggger - Validating expected message
10:31:01.329 [main] INFO  testCases.TC001_AccountRegistrationTest.verify_Account_Registration(TC001_AccountRegistrationTest.java:65)oggger - *****Finished TC001_AccountRegistrationTest ***********
